gradleBuild/outputs/logs/manifest-merger-release-report.txt
-- Merging decision tree log ---
manifest
ADDED from RICOH_AT\AndroidManifest.xml:18:1-53:12
INJECTED from RICOH_AT\AndroidManifest.xml:18:1-53:12
INJECTED from RICOH_AT\AndroidManifest.xml:18:1-53:12
MERGED from [org.tensorflow:tensorflow-android:1.13.1] AndroidManifest.xml:2:1-8:12
MERGED from [:pluginlibrary] AndroidManifest.xml:2:1-14:12
MERGED from [com.android.support:appcompat-v7:25.4.0] AndroidManifest.xml:17:1-31:12
MERGED from [com.android.support:animated-vector-drawable:25.4.0] AndroidManifest.xml:17:1-28:12
MERGED from [com.android.support:support-vector-drawable:25.4.0] AndroidManifest.xml:17:1-28:12
MERGED from [com.android.support:support-v4:25.4.0] AndroidManifest.xml:17:1-31:12
MERGED from [com.android.support:support-fragment:25.4.0] AndroidManifest.xml:17:1-31:12
MERGED from [com.android.support:support-media-compat:25.4.0] AndroidManifest.xml:17:1-31:12
MERGED from [com.android.support:support-core-utils:25.4.0] AndroidManifest.xml:17:1-31:12
MERGED from [com.android.support:support-core-ui:25.4.0] AndroidManifest.xml:17:1-31:12
MERGED from [com.android.support:support-compat:25.4.0] AndroidManifest.xml:17:1-31:12
INJECTED from RICOH_AT\AndroidManifest.xml:18:1-53:12
INJECTED from RICOH_AT\AndroidManifest.xml:18:1-53:12
	package
		ADDED from RICOH_AT\AndroidManifest.xml:19:5-37
	android:versionName
		INJECTED from RICOH_AT\AndroidManifest.xml
		ADDED from RICOH_AT\AndroidManifest.xml:18:1-53:12
		INJECTED from RICOH_AT\AndroidManifest.xml
	android:versionCode
		INJECTED from RICOH_AT\AndroidManifest.xml
		ADDED from RICOH_AT\AndroidManifest.xml:18:1-53:12
		INJECTED from RICOH_AT\AndroidManifest.xml
	xmlns:android
		ADDED from RICOH_AT\AndroidManifest.xml:18:11-69
uses-permission#android.permission.CAMERA
ADDED from RICOH_AT\AndroidManifest.xml:21:5-65
	android:name
		ADDED from RICOH_AT\AndroidManifest.xml:21:22-62
uses-permission#android.permission.WRITE_EXTERNAL_STORAGE
ADDED from RICOH_AT\AndroidManifest.xml:22:5-80
	android:name
		ADDED from RICOH_AT\AndroidManifest.xml:22:22-78
uses-permission#android.permission.RECORD_AUDIO
ADDED from RICOH_AT\AndroidManifest.xml:23:5-71
	android:name
		ADDED from RICOH_AT\AndroidManifest.xml:23:22-68
uses-permission#android.permission.MODIFY_AUDIO_SETTINGS
ADDED from RICOH_AT\AndroidManifest.xml:24:5-80
	android:name
		ADDED from RICOH_AT\AndroidManifest.xml:24:22-77
uses-permission#android.permission.INTERNET
ADDED from RICOH_AT\AndroidManifest.xml:25:5-67
	android:name
		ADDED from RICOH_AT\AndroidManifest.xml:25:22-64
uses-permission#android.permission.ACCESS_NETWORK_STATE
ADDED from RICOH_AT\AndroidManifest.xml:26:5-79
	android:name
		ADDED from RICOH_AT\AndroidManifest.xml:26:22-76
uses-feature#android.hardware.camera
ADDED from RICOH_AT\AndroidManifest.xml:28:5-60
	android:name
		ADDED from RICOH_AT\AndroidManifest.xml:28:19-57
uses-feature#android.hardware.camera.autofocus
ADDED from RICOH_AT\AndroidManifest.xml:29:5-70
	android:name
		ADDED from RICOH_AT\AndroidManifest.xml:29:19-67
uses-feature#com.theta360.receptor.v
ADDED from RICOH_AT\AndroidManifest.xml:30:5-83
	android:required
		ADDED from RICOH_AT\AndroidManifest.xml:30:58-81
	android:name
		ADDED from RICOH_AT\AndroidManifest.xml:30:19-57
uses-feature#com.theta360.receptor.z1
ADDED from RICOH_AT\AndroidManifest.xml:31:5-85
	android:required
		ADDED from RICOH_AT\AndroidManifest.xml:31:59-83
	android:name
		ADDED from RICOH_AT\AndroidManifest.xml:31:19-58
uses-feature#com.theta360.receptor.webapi
ADDED from RICOH_AT\AndroidManifest.xml:32:5-84
	android:version
		ADDED from RICOH_AT\AndroidManifest.xml:32:63-82
	android:name
		ADDED from RICOH_AT\AndroidManifest.xml:32:19-62
uses-feature#com.theta360.receptor.mtpapi
ADDED from RICOH_AT\AndroidManifest.xml:33:5-84
	android:version
		ADDED from RICOH_AT\AndroidManifest.xml:33:63-82
	android:name
		ADDED from RICOH_AT\AndroidManifest.xml:33:19-62
uses-feature#com.theta360.receptor.bleapi
ADDED from RICOH_AT\AndroidManifest.xml:34:5-84
	android:version
		ADDED from RICOH_AT\AndroidManifest.xml:34:63-82
	android:name
		ADDED from RICOH_AT\AndroidManifest.xml:34:19-62
uses-feature#com.theta360.receptor.pluginapi
ADDED from RICOH_AT\AndroidManifest.xml:35:5-87
	android:version
		ADDED from RICOH_AT\AndroidManifest.xml:35:66-85
	android:name
		ADDED from RICOH_AT\AndroidManifest.xml:35:19-65
application
ADDED from RICOH_AT\AndroidManifest.xml:37:5-52:19
MERGED from [org.tensorflow:tensorflow-android:1.13.1] AndroidManifest.xml:5:5-6:19
MERGED from [org.tensorflow:tensorflow-android:1.13.1] AndroidManifest.xml:5:5-6:19
MERGED from [:pluginlibrary] AndroidManifest.xml:11:5-12:19
MERGED from [:pluginlibrary] AndroidManifest.xml:11:5-12:19
MERGED from [com.android.support:appcompat-v7:25.4.0] AndroidManifest.xml:25:5-29:19
MERGED from [com.android.support:appcompat-v7:25.4.0] AndroidManifest.xml:25:5-29:19
MERGED from [com.android.support:animated-vector-drawable:25.4.0] AndroidManifest.xml:22:5-26:19
MERGED from [com.android.support:animated-vector-drawable:25.4.0] AndroidManifest.xml:22:5-26:19
MERGED from [com.android.support:support-vector-drawable:25.4.0] AndroidManifest.xml:22:5-26:19
MERGED from [com.android.support:support-vector-drawable:25.4.0] AndroidManifest.xml:22:5-26:19
MERGED from [com.android.support:support-v4:25.4.0] AndroidManifest.xml:25:5-29:19
MERGED from [com.android.support:support-v4:25.4.0] AndroidManifest.xml:25:5-29:19
MERGED from [com.android.support:support-fragment:25.4.0] AndroidManifest.xml:25:5-29:19
MERGED from [com.android.support:support-fragment:25.4.0] AndroidManifest.xml:25:5-29:19
MERGED from [com.android.support:support-media-compat:25.4.0] AndroidManifest.xml:25:5-29:19
MERGED from [com.android.support:support-media-compat:25.4.0] AndroidManifest.xml:25:5-29:19
MERGED from [com.android.support:support-core-utils:25.4.0] AndroidManifest.xml:25:5-29:19
MERGED from [com.android.support:support-core-utils:25.4.0] AndroidManifest.xml:25:5-29:19
MERGED from [com.android.support:support-core-ui:25.4.0] AndroidManifest.xml:25:5-29:19
MERGED from [com.android.support:support-core-ui:25.4.0] AndroidManifest.xml:25:5-29:19
MERGED from [com.android.support:support-compat:25.4.0] AndroidManifest.xml:25:5-29:19
MERGED from [com.android.support:support-compat:25.4.0] AndroidManifest.xml:25:5-29:19
	android:label
		ADDED from RICOH_AT\AndroidManifest.xml:39:9-41
	android:debuggable
		ADDED from RICOH_AT\AndroidManifest.xml:38:9-34
	android:icon
		ADDED from RICOH_AT\AndroidManifest.xml:40:9-45
	android:allowBackup
		ADDED from RICOH_AT\AndroidManifest.xml:37:18-44
	android:theme
		ADDED from RICOH_AT\AndroidManifest.xml:41:9-46
activity#fr.aasofts.autotrigger.DetectorActivity
ADDED from RICOH_AT\AndroidManifest.xml:43:9-51:20
	android:screenOrientation
		ADDED from RICOH_AT\AndroidManifest.xml:44:13-49
	android:label
		ADDED from RICOH_AT\AndroidManifest.xml:45:13-60
	android:name
		ADDED from RICOH_AT\AndroidManifest.xml:43:19-73
intent-filter#action:name:android.intent.action.MAIN+category:name:android.intent.category.LAUNCHER+category:name:android.intent.category.LEANBACK_LAUNCHER
ADDED from RICOH_AT\AndroidManifest.xml:46:13-50:29
action#android.intent.action.MAIN
ADDED from RICOH_AT\AndroidManifest.xml:47:17-69
	android:name
		ADDED from RICOH_AT\AndroidManifest.xml:47:25-66
category#android.intent.category.LAUNCHER
ADDED from RICOH_AT\AndroidManifest.xml:48:17-77
	android:name
		ADDED from RICOH_AT\AndroidManifest.xml:48:27-74
category#android.intent.category.LEANBACK_LAUNCHER
ADDED from RICOH_AT\AndroidManifest.xml:49:17-86
	android:name
		ADDED from RICOH_AT\AndroidManifest.xml:49:27-83
uses-sdk
INJECTED from RICOH_AT\AndroidManifest.xml reason: use-sdk injection requested
INJECTED from RICOH_AT\AndroidManifest.xml
MERGED from [:pluginlibrary] AndroidManifest.xml:7:5-9:41
MERGED from [:pluginlibrary] AndroidManifest.xml:7:5-9:41
MERGED from [com.android.support:appcompat-v7:25.4.0] AndroidManifest.xml:21:5-23:78
MERGED from [com.android.support:appcompat-v7:25.4.0] AndroidManifest.xml:21:5-23:78
MERGED from [com.android.support:animated-vector-drawable:25.4.0] AndroidManifest.xml:20:5-44
MERGED from [com.android.support:animated-vector-drawable:25.4.0] AndroidManifest.xml:20:5-44
MERGED from [com.android.support:support-vector-drawable:25.4.0] AndroidManifest.xml:20:5-43
MERGED from [com.android.support:support-vector-drawable:25.4.0] AndroidManifest.xml:20:5-43
MERGED from [com.android.support:support-v4:25.4.0] AndroidManifest.xml:21:5-23:54
MERGED from [com.android.support:support-v4:25.4.0] AndroidManifest.xml:21:5-23:54
MERGED from [com.android.support:support-fragment:25.4.0] AndroidManifest.xml:21:5-23:60
MERGED from [com.android.support:support-fragment:25.4.0] AndroidManifest.xml:21:5-23:60
MERGED from [com.android.support:support-media-compat:25.4.0] AndroidManifest.xml:21:5-23:63
MERGED from [com.android.support:support-media-compat:25.4.0] AndroidManifest.xml:21:5-23:63
MERGED from [com.android.support:support-core-utils:25.4.0] AndroidManifest.xml:21:5-23:61
MERGED from [com.android.support:support-core-utils:25.4.0] AndroidManifest.xml:21:5-23:61
MERGED from [com.android.support:support-core-ui:25.4.0] AndroidManifest.xml:21:5-23:58
MERGED from [com.android.support:support-core-ui:25.4.0] AndroidManifest.xml:21:5-23:58
MERGED from [com.android.support:support-compat:25.4.0] AndroidManifest.xml:21:5-23:58
MERGED from [com.android.support:support-compat:25.4.0] AndroidManifest.xml:21:5-23:58
INJECTED from RICOH_AT\AndroidManifest.xml
	tools:overrideLibrary
		ADDED from [com.android.support:appcompat-v7:25.4.0] AndroidManifest.xml:23:9-75
	android:targetSdkVersion
		ADDED from [:pluginlibrary] AndroidManifest.xml:9:9-38
	android:minSdkVersion
		INJECTED from RICOH_AT\AndroidManifest.xml
		ADDED from RICOH_AT\AndroidManifest.xml
		INJECTED from RICOH_AT\AndroidManifest.xml
uses-permission#android.permission.READ_PHONE_STATE
IMPLIED from RICOH_AT\AndroidManifest.xml:18:1-53:12 reason: tensorflow.contrib.android has a targetSdkVersion < 4
uses-permission#android.permission.READ_EXTERNAL_STORAGE
IMPLIED from RICOH_AT\AndroidManifest.xml:18:1-53:12 reason: tensorflow.contrib.android requested WRITE_EXTERNAL_STORAGE
meta-data#android.support.VERSION
ADDED from [com.android.support:appcompat-v7:25.4.0] AndroidManifest.xml:26:9-28:38
MERGED from [com.android.support:animated-vector-drawable:25.4.0] AndroidManifest.xml:23:9-25:38
MERGED from [com.android.support:animated-vector-drawable:25.4.0] AndroidManifest.xml:23:9-25:38
MERGED from [com.android.support:support-vector-drawable:25.4.0] AndroidManifest.xml:23:9-25:38
MERGED from [com.android.support:support-vector-drawable:25.4.0] AndroidManifest.xml:23:9-25:38
MERGED from [com.android.support:support-v4:25.4.0] AndroidManifest.xml:26:9-28:38
MERGED from [com.android.support:support-v4:25.4.0] AndroidManifest.xml:26:9-28:38
MERGED from [com.android.support:support-fragment:25.4.0] AndroidManifest.xml:26:9-28:38
MERGED from [com.android.support:support-fragment:25.4.0] AndroidManifest.xml:26:9-28:38
MERGED from [com.android.support:support-media-compat:25.4.0] AndroidManifest.xml:26:9-28:38
MERGED from [com.android.support:support-media-compat:25.4.0] AndroidManifest.xml:26:9-28:38
MERGED from [com.android.support:support-core-utils:25.4.0] AndroidManifest.xml:26:9-28:38
MERGED from [com.android.support:support-core-utils:25.4.0] AndroidManifest.xml:26:9-28:38
MERGED from [com.android.support:support-core-ui:25.4.0] AndroidManifest.xml:26:9-28:38
MERGED from [com.android.support:support-core-ui:25.4.0] AndroidManifest.xml:26:9-28:38
MERGED from [com.android.support:support-compat:25.4.0] AndroidManifest.xml:26:9-28:38
MERGED from [com.android.support:support-compat:25.4.0] AndroidManifest.xml:26:9-28:38
	android:value
		ADDED from [com.android.support:appcompat-v7:25.4.0] AndroidManifest.xml:28:13-35
	android:name
		ADDED from [com.android.support:appcompat-v7:25.4.0] AndroidManifest.xml:27:13-51